2025-04-29 09:46:17 - Ошибка подключения: Ошибка ввода/вывода: The Network Adapter could not establish the connection
2025-04-29 09:46:30 - Ошибка подключения: FATAL: password authentication failed for user "username"
2025-04-29 10:46:49 - Подключено к тест подключения
2025-04-29 10:48:38 - Запрос выполнен успешно (результат: ResultSet)
2025-04-29 10:59:37 - Пустой запрос не может быть сохранён
2025-04-29 11:08:57 - Нет активного подключения к БД
2025-04-29 11:09:00 - Подключено к Test
2025-04-29 11:09:02 - Тест подключения успешен к Test
2025-04-29 11:09:07 - Запрос выполнен успешно (ResultSet)
2025-04-29 11:10:21 - Ошибка выполнения запроса: ERROR: syntax error at or near "public"
  Позиция: 22
2025-04-29 11:10:21 - Ошибка выполнения запроса: ERROR: syntax error at or near "public"
  Позиция: 22
2025-04-29 11:10:29 - Ошибка выполнения запроса: ERROR: column "name" does not exist
  Позиция: 12
2025-04-29 11:10:37 - Запрос выполнен успешно (ResultSet)
2025-04-29 11:10:40 - Запрос выполнен успешно (ResultSet)
2025-04-29 11:44:03 - Ошибка загрузки запросов: Cannot construct instance of `com.example.dbclient.SavedQuery` (no Creators, like default constructor, exist): no String-argument constructor/factory method to deserialize from String value ('Test_local')
 at [Source: REDACTED (`StreamReadFeature.INCLUDE_SOURCE_IN_LOCATION` disabled); line: 1, column: 2] (through reference chain: java.util.ArrayList[0])
2025-04-29 11:44:33 - Подключено к ntcn
2025-04-29 11:44:35 - Тест подключения успешен к ntcn
2025-04-29 11:45:04 - Ошибка сохранения запросов: Java 8 date/time type `java.time.LocalDateTime` not supported by default: add Module "com.fasterxml.jackson.datatype:jackson-datatype-jsr310" to enable handling (through reference chain: java.util.ArrayList[0]->com.example.dbclient.SavedQuery["createdAt"])
2025-04-29 11:45:09 - Запрос выполнен успешно (ResultSet)
2025-04-29 11:46:06 - Ошибка сохранения запросов: Java 8 date/time type `java.time.LocalDateTime` not supported by default: add Module "com.fasterxml.jackson.datatype:jackson-datatype-jsr310" to enable handling (through reference chain: java.util.ArrayList[0]->com.example.dbclient.SavedQuery["createdAt"])
2025-04-29 11:46:09 - Запрос выполнен успешно (ResultSet)
2025-04-29 11:46:33 - Ошибка загрузки запросов: Cannot construct instance of `com.example.dbclient.SavedQuery` (no Creators, like default constructor, exist): cannot deserialize from Object value (no delegate- or property-based Creator)
 at [Source: REDACTED (`StreamReadFeature.INCLUDE_SOURCE_IN_LOCATION` disabled); line: 1, column: 3] (through reference chain: java.util.ArrayList[0])
2025-04-29 11:49:48 - Ошибка загрузки запросов: Cannot construct instance of `com.example.dbclient.SavedQuery` (no Creators, like default constructor, exist): cannot deserialize from Object value (no delegate- or property-based Creator)
 at [Source: REDACTED (`StreamReadFeature.INCLUDE_SOURCE_IN_LOCATION` disabled); line: 1, column: 3] (through reference chain: java.util.ArrayList[0])
2025-04-29 11:50:13 - Подключено к cfgdfg
2025-04-29 11:50:30 - Ошибка сохранения запросов: Java 8 date/time type `java.time.LocalDateTime` not supported by default: add Module "com.fasterxml.jackson.datatype:jackson-datatype-jsr310" to enable handling (through reference chain: java.util.ArrayList[0]->com.example.dbclient.SavedQuery["createdAt"])
2025-04-29 11:50:31 - Ошибка выполнения запроса: ERROR: relation "public.user" does not exist
  Позиция: 15
2025-04-29 11:50:35 - Тест подключения успешен к cfgdfg
2025-04-29 11:50:38 - Ошибка выполнения запроса: ERROR: relation "public.user" does not exist
  Позиция: 15
2025-04-29 11:50:45 - Запрос выполнен успешно (ResultSet)
2025-04-29 11:51:11 - Ошибка сохранения запросов: Java 8 date/time type `java.time.LocalDateTime` not supported by default: add Module "com.fasterxml.jackson.datatype:jackson-datatype-jsr310" to enable handling (through reference chain: java.util.ArrayList[0]->com.example.dbclient.SavedQuery["createdAt"])
2025-04-29 11:51:22 - Ошибка загрузки запросов: Cannot construct instance of `com.example.dbclient.SavedQuery` (no Creators, like default constructor, exist): cannot deserialize from Object value (no delegate- or property-based Creator)
 at [Source: REDACTED (`StreamReadFeature.INCLUDE_SOURCE_IN_LOCATION` disabled); line: 1, column: 3] (through reference chain: java.util.ArrayList[0])
2025-04-29 11:54:09 - Подключено к ntcn
2025-04-29 11:54:33 - Ошибка сохранения запросов: Java 8 date/time type `java.time.LocalDateTime` not supported by default: add Module "com.fasterxml.jackson.datatype:jackson-datatype-jsr310" to enable handling (through reference chain: java.util.ArrayList[0]->com.example.dbclient.SavedQuery["createdAt"])
2025-04-29 11:54:57 - Запрос выполнен успешно (ResultSet)
2025-04-29 11:55:27 - Ошибка сохранения запросов: Java 8 date/time type `java.time.LocalDateTime` not supported by default: add Module "com.fasterxml.jackson.datatype:jackson-datatype-jsr310" to enable handling (through reference chain: java.util.ArrayList[0]->com.example.dbclient.SavedQuery["createdAt"])
2025-04-29 11:55:30 - Запрос выполнен успешно (ResultSet)
2025-04-29 11:55:40 - Ошибка сохранения запросов: Java 8 date/time type `java.time.LocalDateTime` not supported by default: add Module "com.fasterxml.jackson.datatype:jackson-datatype-jsr310" to enable handling (through reference chain: java.util.ArrayList[0]->com.example.dbclient.SavedQuery["createdAt"])
2025-04-29 11:55:49 - Ошибка загрузки запросов: Cannot construct instance of `com.example.dbclient.SavedQuery` (no Creators, like default constructor, exist): cannot deserialize from Object value (no delegate- or property-based Creator)
 at [Source: REDACTED (`StreamReadFeature.INCLUDE_SOURCE_IN_LOCATION` disabled); line: 1, column: 3] (through reference chain: java.util.ArrayList[0])
2025-04-29 11:55:51 - Подключено к Test
2025-04-29 11:59:12 - Подключено к Test
2025-04-29 11:59:14 - Пустой запрос не может быть сохранён
2025-04-29 11:59:35 - Ошибка сохранения запросов: Java 8 date/time type `java.time.LocalDateTime` not supported by default: add Module "com.fasterxml.jackson.datatype:jackson-datatype-jsr310" to enable handling (through reference chain: java.util.ArrayList[0]->com.example.dbclient.SavedQuery["createdAt"])
2025-04-29 12:01:50 - Ошибка сохранения запросов: Java 8 date/time type `java.time.LocalDateTime` not supported by default: add Module "com.fasterxml.jackson.datatype:jackson-datatype-jsr310" to enable handling (through reference chain: java.util.ArrayList[0]->com.example.dbclient.SavedQuery["createdAt"])
2025-04-29 12:01:52 - Ошибка сохранения запросов: Java 8 date/time type `java.time.LocalDateTime` not supported by default: add Module "com.fasterxml.jackson.datatype:jackson-datatype-jsr310" to enable handling (through reference chain: java.util.ArrayList[0]->com.example.dbclient.SavedQuery["createdAt"])
2025-04-29 12:02:04 - Ошибка загрузки запросов: Cannot construct instance of `com.example.dbclient.SavedQuery` (no Creators, like default constructor, exist): cannot deserialize from Object value (no delegate- or property-based Creator)
 at [Source: REDACTED (`StreamReadFeature.INCLUDE_SOURCE_IN_LOCATION` disabled); line: 1, column: 3] (through reference chain: java.util.ArrayList[0])
2025-04-29 12:02:06 - Подключено к Test
2025-04-29 12:02:07 - Пустой запрос не может быть сохранён
2025-04-29 12:02:32 - Запрос выполнен успешно (ResultSet)
2025-04-29 12:03:05 - Запрос выполнен успешно (ResultSet)
2025-04-29 12:03:17 - Ошибка загрузки запросов: Cannot construct instance of `com.example.dbclient.SavedQuery` (no Creators, like default constructor, exist): cannot deserialize from Object value (no delegate- or property-based Creator)
 at [Source: REDACTED (`StreamReadFeature.INCLUDE_SOURCE_IN_LOCATION` disabled); line: 1, column: 3] (through reference chain: java.util.ArrayList[0])
2025-04-29 12:03:20 - Подключено к Test
2025-04-29 12:03:39 - Подключено к Test
2025-04-29 12:03:55 - Запрос выполнен успешно (ResultSet)
2025-04-29 12:11:54 - Ошибка загрузки запросов: Cannot construct instance of `com.example.dbclient.SavedQuery` (no Creators, like default constructor, exist): cannot deserialize from Object value (no delegate- or property-based Creator)
 at [Source: REDACTED (`StreamReadFeature.INCLUDE_SOURCE_IN_LOCATION` disabled); line: 1, column: 3] (through reference chain: java.util.ArrayList[0])
2025-04-29 12:14:01 - Загружено запросов: 0
2025-04-29 12:14:06 - Подключено к Test
2025-04-29 12:14:29 - Запрос выполнен успешно (ResultSet)
2025-04-29 12:14:33 - Подключено к ntcn
2025-04-29 12:14:46 - Загружено запросов: 1
2025-04-29 12:14:52 - Подключено к Test
2025-04-29 12:14:52 - Запрос выполнен успешно (ResultSet)
2025-04-29 12:29:50 - Загружено запросов: 1
2025-04-29 12:29:54 - Подключено к Test
2025-04-29 12:29:56 - Подключено к ntcn
2025-04-29 12:29:57 - Подключено к Test
2025-04-29 12:29:57 - Удалено подключение: ntcn
2025-04-29 12:30:01 - Подключено к cfgdfg
2025-04-29 12:30:01 - Подключено к Test
2025-04-29 12:30:01 - Удалено подключение: cfgdfg
2025-04-29 12:32:31 - Удалён запрос: test
2025-04-29 12:45:23 - Загружено запросов: 1
2025-04-29 12:45:32 - Удалён запрос: цуак
2025-04-29 12:45:37 - Подключено к Test
2025-04-29 12:45:38 - Запрос выполнен успешно (ResultSet)
2025-04-29 12:45:51 - Загружено запросов: 0
2025-04-29 12:45:59 - Подключено к Test
2025-04-29 12:46:03 - Запрос выполнен успешно (ResultSet)
2025-04-29 12:46:14 - Запрос выполнен успешно (ResultSet)
2025-04-29 12:46:24 - Загружено запросов: 1
2025-04-29 12:52:23 - Загружено запросов: 1
2025-04-29 12:52:41 - Нет активного подключения к БД
2025-04-29 12:52:43 - Подключено к Test
2025-04-29 12:52:47 - Тест подключения успешен к Test
2025-04-29 12:52:48 - Запрос выполнен успешно (ResultSet)
2025-04-29 12:54:12 - Загружено запросов: 1
2025-04-29 13:02:07 - Загружено запросов: 1
2025-04-29 13:03:52 - Загружено запросов: 1
2025-04-29 13:31:12 - Загружено запросов: 1
2025-04-29 13:31:24 - Удалён запрос: test
2025-04-29 13:31:26 - Подключено к Test
2025-04-29 13:31:26 - Подключение не выбрано
2025-04-29 13:31:26 - Удалено подключение: Test
2025-04-29 13:40:34 - Загружено запросов: 0
2025-04-29 16:03:03 - Загружено запросов: 0
2025-04-29 16:03:14 - Пустой запрос не может быть сохранён
2025-04-29 16:27:16 - Загружено запросов: 0
2025-04-29 22:20:45 - Загружено запросов: 0
2025-04-29 22:21:51 - Подключено к тест
2025-04-29 22:22:13 - Ошибка выполнения запроса: ERROR: syntax error at or near "datebase"
  Позиция: 6
2025-04-29 22:22:51 - Ошибка выполнения запроса: ERROR: syntax error at or near "datebase"
  Позиция: 6
2025-04-29 22:22:55 - Удалён запрос: drop
2025-04-30 21:51:18 - Загружено запросов: 0
2025-04-30 21:51:35 - Подключено к тест
2025-04-30 21:51:36 - Подключение не выбрано
2025-04-30 21:51:36 - Удалено подключение: тест
2025-04-30 21:52:12 - Подключено к Avent_ORA
2025-04-30 21:52:16 - Тест подключения успешен к Avent_ORA
2025-04-30 21:53:04 - Подключено к SDS_PG_PROD
2025-04-30 21:53:24 - Запрос выполнен успешно (ResultSet)
2025-04-30 21:54:39 - Подключено к Aisuab_PG_PORD
2025-04-30 21:54:41 - Тест подключения успешен к Aisuab_PG_PORD
2025-04-30 21:56:27 - Подключено к Cerber_ORA_PROD
2025-04-30 21:56:29 - Тест подключения успешен к Cerber_ORA_PROD
2025-04-30 21:56:49 - Ошибка выполнения запроса: ORA-00911: неверный символ

2025-04-30 21:57:07 - Ошибка выполнения запроса: ORA-00911: неверный символ

2025-04-30 21:57:32 - Запрос выполнен успешно (ResultSet)
2025-04-30 21:57:40 - Запрос выполнен успешно (ResultSet)
2025-04-30 21:57:48 - Подключено к Avent_ORA
2025-04-30 21:57:52 - Ошибка выполнения запроса: ORA-00911: неверный символ

2025-04-30 21:58:31 - Ошибка выполнения запроса: ORA-00911: неверный символ

2025-04-30 22:01:32 - Загружено запросов: 0
2025-04-30 22:01:38 - Подключено к Cerber_ORA_PROD
2025-04-30 22:01:41 - Запрос выполнен успешно (ResultSet)
2025-04-30 22:02:27 - Запрос выполнен успешно (ResultSet)
2025-04-30 22:41:21 - Загружено запросов: 1
2025-04-30 22:41:25 - Подключено к Cerber_ORA_PROD
2025-04-30 22:41:25 - Подключено к Aisuab_PG_PORD
2025-04-30 22:44:44 - Подключено к SDS_PG_PROD
2025-04-30 22:44:48 - Подключено к Cerber_ORA_PROD
2025-04-30 22:49:12 - Загружено запросов: 1
2025-04-30 22:55:04 - Загружено запросов: 1
2025-04-30 22:57:05 - Загружено запросов: 1
2025-04-30 23:02:37 - Загружено запросов: 1
2025-04-30 23:06:49 - Загружено запросов: 1
2025-04-30 23:09:34 - Загружено запросов: 1
2025-04-30 23:09:45 - Подключено к Cerber_ORA_PROD
2025-04-30 23:09:46 - Тест подключения успешен к Cerber_ORA_PROD
2025-04-30 23:09:52 - Запрос выполнен успешно (ResultSet)
2025-04-30 23:10:22 - Запрос выполнен успешно (ResultSet)
